2018-05-26 13:10:02 [127.0.0.1][-][-][error][yii\web\HttpException:404] exception 'yii\base\InvalidRouteException' with message 'Unable to resolve the request: v1/book/index' in C:\OSPanel\domains\library.local\vendor\yiisoft\yii2\base\Controller.php:128
Stack trace:
#0 C:\OSPanel\domains\library.local\vendor\yiisoft\yii2\base\Module.php(528): yii\base\Controller->runAction('index', Array)
#1 C:\OSPanel\domains\library.local\vendor\yiisoft\yii2\web\Application.php(103): yii\base\Module->runAction('v1/book/index', Array)
#2 C:\OSPanel\domains\library.local\vendor\yiisoft\yii2\base\Application.php(386): yii\web\Application->handleRequest(Object(yii\web\Request))
#3 C:\OSPanel\domains\library.local\api\index.php(17): yii\base\Application->run()
#4 {main}

Next exception 'yii\web\NotFoundHttpException' with message 'Page not found.' in C:\OSPanel\domains\library.local\vendor\yiisoft\yii2\web\Application.php:115
Stack trace:
#0 C:\OSPanel\domains\library.local\vendor\yiisoft\yii2\base\Application.php(386): yii\web\Application->handleRequest(Object(yii\web\Request))
#1 C:\OSPanel\domains\library.local\api\index.php(17): yii\base\Application->run()
#2 {main}
2018-05-26 13:10:02 [127.0.0.1][-][-][info][application] $_GET = []

$_POST = []

$_FILES = []

$_COOKIE = [
    'advanced-frontend' => '76lpa59n67aq57j7j6945ec161'
    '_csrf-frontend' => '00be17c7e42ac6e9a0b3cf2e647aaed7bb973fcaa73c3f5c907630d17858d176a:2:{i:0;s:14:\"_csrf-frontend\";i:1;s:32:\"PNhi0w0MCm3kOYpJkVTcP-pSu8U665sd\";}'
    'advanced-backend' => 'jkf7p1bhbid5imfhhhges9r480'
    '_identity-backend' => '19152e5c119b0361e10feb616222dfdf85353b5dbec6f93b1b8b7d616be98abfa:2:{i:0;s:17:\"_identity-backend\";i:1;s:46:\"[1,\"JPjppL009dfkLwZhHtJKQU8Nzad_uuud\",2592000]\";}'
    '_csrf-backend' => 'c3e8f91469be5a2e6f4a95d3460fc94bb28f3a8bb5b21fb0fdb8cd315aa5c1b8a:2:{i:0;s:13:\"_csrf-backend\";i:1;s:32:\"AlOdFvhaR8HUua-w3VOIZML3svUmSJ--\";}'
]

$_SERVER = [
    'REDIRECT_STATUS' => '200'
    'HTTP_HOST' => 'library.local'
    'HTTP_CONNECTION' => 'keep-alive'
    'HTTP_PRAGMA' => 'no-cache'
    'HTTP_CACHE_CONTROL' => 'no-cache'
    'HTTP_UPGRADE_INSECURE_REQUESTS' => '1'
    'HTTP_USER_AGENT' => 'Mozilla/5.0 (Windows NT 10.0; Win64; x64) AppleWebKit/537.36 (KHTML, like Gecko) Chrome/66.0.3359.181 Safari/537.36'
    'HTTP_ACCEPT' => 'text/html,application/xhtml+xml,application/xml;q=0.9,image/webp,image/apng,*/*;q=0.8'
    'HTTP_ACCEPT_ENCODING' => 'gzip, deflate'
    'HTTP_ACCEPT_LANGUAGE' => 'en-US,en;q=0.9,ru;q=0.8'
    'HTTP_COOKIE' => 'advanced-frontend=76lpa59n67aq57j7j6945ec161; _csrf-frontend=00be17c7e42ac6e9a0b3cf2e647aaed7bb973fcaa73c3f5c907630d17858d176a%3A2%3A%7Bi%3A0%3Bs%3A14%3A%22_csrf-frontend%22%3Bi%3A1%3Bs%3A32%3A%22PNhi0w0MCm3kOYpJkVTcP-pSu8U665sd%22%3B%7D; advanced-backend=jkf7p1bhbid5imfhhhges9r480; _identity-backend=19152e5c119b0361e10feb616222dfdf85353b5dbec6f93b1b8b7d616be98abfa%3A2%3A%7Bi%3A0%3Bs%3A17%3A%22_identity-backend%22%3Bi%3A1%3Bs%3A46%3A%22%5B1%2C%22JPjppL009dfkLwZhHtJKQU8Nzad_uuud%22%2C2592000%5D%22%3B%7D; _csrf-backend=c3e8f91469be5a2e6f4a95d3460fc94bb28f3a8bb5b21fb0fdb8cd315aa5c1b8a%3A2%3A%7Bi%3A0%3Bs%3A13%3A%22_csrf-backend%22%3Bi%3A1%3Bs%3A32%3A%22AlOdFvhaR8HUua-w3VOIZML3svUmSJ--%22%3B%7D'
    'PATH' => 'c:\\ospanel\\modules\\php\\PHP-5.6\\ext;c:\\ospanel\\modules\\php\\PHP-5.6\\pear;c:\\ospanel\\modules\\php\\PHP-5.6\\pear\\bin;c:\\ospanel\\modules\\php\\PHP-5.6;c:\\ospanel\\modules\\imagemagick;c:\\ospanel\\modules\\wget\\bin;c:\\ospanel\\modules\\git;c:\\ospanel\\modules\\git\\bin;c:\\ospanel\\modules\\git\\mingw\\bin;c:\\ospanel\\modules\\git\\cmd;c:\\ospanel\\modules\\database\\MySQL-5.5\\bin;c:\\ospanel\\modules\\http\\Apache-2.4\\bin;c:\\ospanel\\modules\\http\\Apache-2.4;C:\\WINDOWS\\system32;C:\\WINDOWS;C:\\WINDOWS\\system32\\Wbem;C:\\WINDOWS\\SysWOW64'
    'SystemRoot' => 'C:\\WINDOWS'
    'COMSPEC' => 'C:\\WINDOWS\\system32\\cmd.exe'
    'PATHEXT' => '.COM;.EXE;.BAT;.CMD;.VBS;.VBE;.JS;.JSE;.WSF;.WSH;.MSC'
    'WINDIR' => 'C:\\WINDOWS'
    'SERVER_SIGNATURE' => ''
    'SERVER_SOFTWARE' => 'Apache'
    'SERVER_NAME' => 'library.local'
    'SERVER_ADDR' => '127.0.0.1'
    'SERVER_PORT' => '80'
    'REMOTE_ADDR' => '127.0.0.1'
    'DOCUMENT_ROOT' => 'C:/OSPanel/domains/library.local'
    'REQUEST_SCHEME' => 'http'
    'CONTEXT_PREFIX' => ''
    'CONTEXT_DOCUMENT_ROOT' => 'C:/OSPanel/domains/library.local'
    'SERVER_ADMIN' => '[no address given]'
    'SCRIPT_FILENAME' => 'C:/OSPanel/domains/library.local/api/index.php'
    'REMOTE_PORT' => '9080'
    'REDIRECT_URL' => '/api/v1/books'
    'GATEWAY_INTERFACE' => 'CGI/1.1'
    'SERVER_PROTOCOL' => 'HTTP/1.1'
    'REQUEST_METHOD' => 'GET'
    'QUERY_STRING' => ''
    'REQUEST_URI' => '/api/v1/books'
    'SCRIPT_NAME' => '/api/index.php'
    'PHP_SELF' => '/api/index.php'
    'REQUEST_TIME_FLOAT' => 1527329402.309
    'REQUEST_TIME' => 1527329402
    'argv' => []
    'argc' => 0
]
2018-05-26 13:19:43 [127.0.0.1][-][-][error][yii\base\ErrorException:2] exception 'yii\base\ErrorException' with message 'array_map(): Argument #2 should be an array' in C:\OSPanel\domains\library.local\vendor\yiisoft\yii2\filters\VerbFilter.php:100
Stack trace:
#0 [internal function]: yii\base\ErrorHandler->handleError(2, 'array_map(): Ar...', 'C:\\OSPanel\\doma...', 100, Array)
#1 C:\OSPanel\domains\library.local\vendor\yiisoft\yii2\filters\VerbFilter.php(100): array_map('strtoupper', 'POST')
#2 [internal function]: yii\filters\VerbFilter->beforeAction(Object(yii\base\ActionEvent))
#3 C:\OSPanel\domains\library.local\vendor\yiisoft\yii2\base\Component.php(627): call_user_func(Array, Object(yii\base\ActionEvent))
#4 C:\OSPanel\domains\library.local\vendor\yiisoft\yii2\base\Controller.php(274): yii\base\Component->trigger('beforeAction', Object(yii\base\ActionEvent))
#5 C:\OSPanel\domains\library.local\vendor\yiisoft\yii2\web\Controller.php(164): yii\base\Controller->beforeAction(Object(yii\base\InlineAction))
#6 C:\OSPanel\domains\library.local\vendor\yiisoft\yii2\base\Controller.php(155): yii\web\Controller->beforeAction(Object(yii\base\InlineAction))
#7 C:\OSPanel\domains\library.local\vendor\yiisoft\yii2\base\Module.php(528): yii\base\Controller->runAction('update', Array)
#8 C:\OSPanel\domains\library.local\vendor\yiisoft\yii2\web\Application.php(103): yii\base\Module->runAction('v1/book/update', Array)
#9 C:\OSPanel\domains\library.local\vendor\yiisoft\yii2\base\Application.php(386): yii\web\Application->handleRequest(Object(yii\web\Request))
#10 C:\OSPanel\domains\library.local\api\index.php(17): yii\base\Application->run()
#11 {main}
2018-05-26 13:19:43 [127.0.0.1][-][-][info][application] $_GET = [
    'id' => '6'
]

$_POST = []

$_FILES = []

$_COOKIE = []

$_SERVER = [
    'REDIRECT_STATUS' => '200'
    'HTTP_HOST' => 'library.local'
    'HTTP_CONNECTION' => 'keep-alive'
    'CONTENT_LENGTH' => '0'
    'HTTP_USER_AGENT' => 'Mozilla/5.0 (Windows NT 10.0; Win64; x64) AppleWebKit/537.36 (KHTML, like Gecko) Chrome/66.0.3359.181 Safari/537.36'
    'HTTP_CACHE_CONTROL' => 'no-cache'
    'HTTP_ORIGIN' => 'chrome-extension://fhbjgbiflinjbdggehcddcbncdddomop'
    'HTTP_POSTMAN_TOKEN' => '72b8a009-b0e9-4d85-a106-3006843ce727'
    'CONTENT_TYPE' => 'application/x-www-form-urlencoded'
    'HTTP_ACCEPT' => '*/*'
    'HTTP_ACCEPT_ENCODING' => 'gzip, deflate'
    'HTTP_ACCEPT_LANGUAGE' => 'en-US,en;q=0.9,ru;q=0.8'
    'PATH' => 'c:\\ospanel\\modules\\php\\PHP-5.6\\ext;c:\\ospanel\\modules\\php\\PHP-5.6\\pear;c:\\ospanel\\modules\\php\\PHP-5.6\\pear\\bin;c:\\ospanel\\modules\\php\\PHP-5.6;c:\\ospanel\\modules\\imagemagick;c:\\ospanel\\modules\\wget\\bin;c:\\ospanel\\modules\\git;c:\\ospanel\\modules\\git\\bin;c:\\ospanel\\modules\\git\\mingw\\bin;c:\\ospanel\\modules\\git\\cmd;c:\\ospanel\\modules\\database\\MySQL-5.5\\bin;c:\\ospanel\\modules\\http\\Apache-2.4\\bin;c:\\ospanel\\modules\\http\\Apache-2.4;C:\\WINDOWS\\system32;C:\\WINDOWS;C:\\WINDOWS\\system32\\Wbem;C:\\WINDOWS\\SysWOW64'
    'SystemRoot' => 'C:\\WINDOWS'
    'COMSPEC' => 'C:\\WINDOWS\\system32\\cmd.exe'
    'PATHEXT' => '.COM;.EXE;.BAT;.CMD;.VBS;.VBE;.JS;.JSE;.WSF;.WSH;.MSC'
    'WINDIR' => 'C:\\WINDOWS'
    'SERVER_SIGNATURE' => ''
    'SERVER_SOFTWARE' => 'Apache'
    'SERVER_NAME' => 'library.local'
    'SERVER_ADDR' => '127.0.0.1'
    'SERVER_PORT' => '80'
    'REMOTE_ADDR' => '127.0.0.1'
    'DOCUMENT_ROOT' => 'C:/OSPanel/domains/library.local'
    'REQUEST_SCHEME' => 'http'
    'CONTEXT_PREFIX' => ''
    'CONTEXT_DOCUMENT_ROOT' => 'C:/OSPanel/domains/library.local'
    'SERVER_ADMIN' => '[no address given]'
    'SCRIPT_FILENAME' => 'C:/OSPanel/domains/library.local/api/index.php'
    'REMOTE_PORT' => '9126'
    'REDIRECT_URL' => '/api/v1/books/6'
    'GATEWAY_INTERFACE' => 'CGI/1.1'
    'SERVER_PROTOCOL' => 'HTTP/1.1'
    'REQUEST_METHOD' => 'POST'
    'QUERY_STRING' => ''
    'REQUEST_URI' => '/api/v1/books/6'
    'SCRIPT_NAME' => '/api/index.php'
    'PHP_SELF' => '/api/index.php'
    'REQUEST_TIME_FLOAT' => 1527329983.398
    'REQUEST_TIME' => 1527329983
    'argv' => []
    'argc' => 0
]
2018-05-26 13:30:12 [127.0.0.1][-][-][error][yii\web\HttpException:405] exception 'yii\web\MethodNotAllowedHttpException' with message 'Method Not Allowed. This URL can only handle the following request methods: POST.' in C:\OSPanel\domains\library.local\vendor\yiisoft\yii2\filters\VerbFilter.php:105
Stack trace:
#0 [internal function]: yii\filters\VerbFilter->beforeAction(Object(yii\base\ActionEvent))
#1 C:\OSPanel\domains\library.local\vendor\yiisoft\yii2\base\Component.php(627): call_user_func(Array, Object(yii\base\ActionEvent))
#2 C:\OSPanel\domains\library.local\vendor\yiisoft\yii2\base\Controller.php(274): yii\base\Component->trigger('beforeAction', Object(yii\base\ActionEvent))
#3 C:\OSPanel\domains\library.local\vendor\yiisoft\yii2\web\Controller.php(164): yii\base\Controller->beforeAction(Object(yii\base\InlineAction))
#4 C:\OSPanel\domains\library.local\vendor\yiisoft\yii2\base\Controller.php(155): yii\web\Controller->beforeAction(Object(yii\base\InlineAction))
#5 C:\OSPanel\domains\library.local\vendor\yiisoft\yii2\base\Module.php(528): yii\base\Controller->runAction('update', Array)
#6 C:\OSPanel\domains\library.local\vendor\yiisoft\yii2\web\Application.php(103): yii\base\Module->runAction('v1/book/update', Array)
#7 C:\OSPanel\domains\library.local\vendor\yiisoft\yii2\base\Application.php(386): yii\web\Application->handleRequest(Object(yii\web\Request))
#8 C:\OSPanel\domains\library.local\api\index.php(17): yii\base\Application->run()
#9 {main}
2018-05-26 13:30:12 [127.0.0.1][-][-][info][application] $_GET = [
    'id' => '6'
]

$_POST = []

$_FILES = []

$_COOKIE = []

$_SERVER = [
    'REDIRECT_STATUS' => '200'
    'HTTP_HOST' => 'library.local'
    'HTTP_CONNECTION' => 'keep-alive'
    'CONTENT_LENGTH' => '0'
    'HTTP_USER_AGENT' => 'Mozilla/5.0 (Windows NT 10.0; Win64; x64) AppleWebKit/537.36 (KHTML, like Gecko) Chrome/66.0.3359.181 Safari/537.36'
    'HTTP_CACHE_CONTROL' => 'no-cache'
    'HTTP_ORIGIN' => 'chrome-extension://fhbjgbiflinjbdggehcddcbncdddomop'
    'HTTP_POSTMAN_TOKEN' => '55190075-cd2e-21c1-a97c-5a187f7d649b'
    'CONTENT_TYPE' => 'application/x-www-form-urlencoded'
    'HTTP_ACCEPT' => '*/*'
    'HTTP_ACCEPT_ENCODING' => 'gzip, deflate'
    'HTTP_ACCEPT_LANGUAGE' => 'en-US,en;q=0.9,ru;q=0.8'
    'PATH' => 'c:\\ospanel\\modules\\php\\PHP-5.6\\ext;c:\\ospanel\\modules\\php\\PHP-5.6\\pear;c:\\ospanel\\modules\\php\\PHP-5.6\\pear\\bin;c:\\ospanel\\modules\\php\\PHP-5.6;c:\\ospanel\\modules\\imagemagick;c:\\ospanel\\modules\\wget\\bin;c:\\ospanel\\modules\\git;c:\\ospanel\\modules\\git\\bin;c:\\ospanel\\modules\\git\\mingw\\bin;c:\\ospanel\\modules\\git\\cmd;c:\\ospanel\\modules\\database\\MySQL-5.5\\bin;c:\\ospanel\\modules\\http\\Apache-2.4\\bin;c:\\ospanel\\modules\\http\\Apache-2.4;C:\\WINDOWS\\system32;C:\\WINDOWS;C:\\WINDOWS\\system32\\Wbem;C:\\WINDOWS\\SysWOW64'
    'SystemRoot' => 'C:\\WINDOWS'
    'COMSPEC' => 'C:\\WINDOWS\\system32\\cmd.exe'
    'PATHEXT' => '.COM;.EXE;.BAT;.CMD;.VBS;.VBE;.JS;.JSE;.WSF;.WSH;.MSC'
    'WINDIR' => 'C:\\WINDOWS'
    'SERVER_SIGNATURE' => ''
    'SERVER_SOFTWARE' => 'Apache'
    'SERVER_NAME' => 'library.local'
    'SERVER_ADDR' => '127.0.0.1'
    'SERVER_PORT' => '80'
    'REMOTE_ADDR' => '127.0.0.1'
    'DOCUMENT_ROOT' => 'C:/OSPanel/domains/library.local'
    'REQUEST_SCHEME' => 'http'
    'CONTEXT_PREFIX' => ''
    'CONTEXT_DOCUMENT_ROOT' => 'C:/OSPanel/domains/library.local'
    'SERVER_ADMIN' => '[no address given]'
    'SCRIPT_FILENAME' => 'C:/OSPanel/domains/library.local/api/index.php'
    'REMOTE_PORT' => '9207'
    'REDIRECT_URL' => '/api/v1/books/6'
    'GATEWAY_INTERFACE' => 'CGI/1.1'
    'SERVER_PROTOCOL' => 'HTTP/1.1'
    'REQUEST_METHOD' => 'PUT'
    'QUERY_STRING' => ''
    'REQUEST_URI' => '/api/v1/books/6'
    'SCRIPT_NAME' => '/api/index.php'
    'PHP_SELF' => '/api/index.php'
    'REQUEST_TIME_FLOAT' => 1527330612.255
    'REQUEST_TIME' => 1527330612
    'argv' => []
    'argc' => 0
]
2018-05-26 13:39:47 [127.0.0.1][-][-][error][yii\base\UnknownMethodException] exception 'yii\base\UnknownMethodException' with message 'Calling unknown method: api\modules\v1\controllers\BookController::findModel()' in C:\OSPanel\domains\library.local\vendor\yiisoft\yii2\base\Component.php:300
Stack trace:
#0 C:\OSPanel\domains\library.local\api\modules\v1\controllers\BookController.php(46): yii\base\Component->__call('findModel', Array)
#1 C:\OSPanel\domains\library.local\api\modules\v1\controllers\BookController.php(46): api\modules\v1\controllers\BookController->findModel('6')
#2 [internal function]: api\modules\v1\controllers\BookController->actionUpdate('6')
#3 C:\OSPanel\domains\library.local\vendor\yiisoft\yii2\base\InlineAction.php(57): call_user_func_array(Array, Array)
#4 C:\OSPanel\domains\library.local\vendor\yiisoft\yii2\base\Controller.php(157): yii\base\InlineAction->runWithParams(Array)
#5 C:\OSPanel\domains\library.local\vendor\yiisoft\yii2\base\Module.php(528): yii\base\Controller->runAction('update', Array)
#6 C:\OSPanel\domains\library.local\vendor\yiisoft\yii2\web\Application.php(103): yii\base\Module->runAction('v1/book/update', Array)
#7 C:\OSPanel\domains\library.local\vendor\yiisoft\yii2\base\Application.php(386): yii\web\Application->handleRequest(Object(yii\web\Request))
#8 C:\OSPanel\domains\library.local\api\index.php(17): yii\base\Application->run()
#9 {main}
2018-05-26 13:39:47 [127.0.0.1][-][-][info][application] $_GET = [
    'id' => '6'
    'name' => 'api book'
    'author_id' => '2'
]

$_POST = []

$_FILES = []

$_COOKIE = []

$_SERVER = [
    'REDIRECT_STATUS' => '200'
    'HTTP_HOST' => 'library.local'
    'HTTP_CONNECTION' => 'keep-alive'
    'CONTENT_LENGTH' => '0'
    'HTTP_USER_AGENT' => 'Mozilla/5.0 (Windows NT 10.0; Win64; x64) AppleWebKit/537.36 (KHTML, like Gecko) Chrome/66.0.3359.181 Safari/537.36'
    'HTTP_CACHE_CONTROL' => 'no-cache'
    'HTTP_ORIGIN' => 'chrome-extension://fhbjgbiflinjbdggehcddcbncdddomop'
    'HTTP_POSTMAN_TOKEN' => 'cbaf9a9f-f23a-4ec1-1beb-fbf8228fa7c3'
    'CONTENT_TYPE' => 'application/x-www-form-urlencoded'
    'HTTP_ACCEPT' => '*/*'
    'HTTP_ACCEPT_ENCODING' => 'gzip, deflate'
    'HTTP_ACCEPT_LANGUAGE' => 'en-US,en;q=0.9,ru;q=0.8'
    'PATH' => 'c:\\ospanel\\modules\\php\\PHP-5.6\\ext;c:\\ospanel\\modules\\php\\PHP-5.6\\pear;c:\\ospanel\\modules\\php\\PHP-5.6\\pear\\bin;c:\\ospanel\\modules\\php\\PHP-5.6;c:\\ospanel\\modules\\imagemagick;c:\\ospanel\\modules\\wget\\bin;c:\\ospanel\\modules\\git;c:\\ospanel\\modules\\git\\bin;c:\\ospanel\\modules\\git\\mingw\\bin;c:\\ospanel\\modules\\git\\cmd;c:\\ospanel\\modules\\database\\MySQL-5.5\\bin;c:\\ospanel\\modules\\http\\Apache-2.4\\bin;c:\\ospanel\\modules\\http\\Apache-2.4;C:\\WINDOWS\\system32;C:\\WINDOWS;C:\\WINDOWS\\system32\\Wbem;C:\\WINDOWS\\SysWOW64'
    'SystemRoot' => 'C:\\WINDOWS'
    'COMSPEC' => 'C:\\WINDOWS\\system32\\cmd.exe'
    'PATHEXT' => '.COM;.EXE;.BAT;.CMD;.VBS;.VBE;.JS;.JSE;.WSF;.WSH;.MSC'
    'WINDIR' => 'C:\\WINDOWS'
    'SERVER_SIGNATURE' => ''
    'SERVER_SOFTWARE' => 'Apache'
    'SERVER_NAME' => 'library.local'
    'SERVER_ADDR' => '127.0.0.1'
    'SERVER_PORT' => '80'
    'REMOTE_ADDR' => '127.0.0.1'
    'DOCUMENT_ROOT' => 'C:/OSPanel/domains/library.local'
    'REQUEST_SCHEME' => 'http'
    'CONTEXT_PREFIX' => ''
    'CONTEXT_DOCUMENT_ROOT' => 'C:/OSPanel/domains/library.local'
    'SERVER_ADMIN' => '[no address given]'
    'SCRIPT_FILENAME' => 'C:/OSPanel/domains/library.local/api/index.php'
    'REMOTE_PORT' => '9265'
    'REDIRECT_URL' => '/api/v1/books/6'
    'REDIRECT_QUERY_STRING' => 'name=api%20book&author_id=2'
    'GATEWAY_INTERFACE' => 'CGI/1.1'
    'SERVER_PROTOCOL' => 'HTTP/1.1'
    'REQUEST_METHOD' => 'POST'
    'QUERY_STRING' => 'name=api%20book&author_id=2'
    'REQUEST_URI' => '/api/v1/books/6?name=api%20book&author_id=2'
    'SCRIPT_NAME' => '/api/index.php'
    'PHP_SELF' => '/api/index.php'
    'REQUEST_TIME_FLOAT' => 1527331187.311
    'REQUEST_TIME' => 1527331187
    'argv' => [
        0 => 'name=api%20book&author_id=2'
    ]
    'argc' => 1
]
2018-05-26 13:46:42 [127.0.0.1][-][-][error][yii\base\UnknownPropertyException] exception 'yii\base\UnknownPropertyException' with message 'Setting unknown property: yii\db\ActiveQuery::scenario' in C:\OSPanel\domains\library.local\vendor\yiisoft\yii2\base\Component.php:209
Stack trace:
#0 C:\OSPanel\domains\library.local\api\modules\v1\controllers\BookController.php(52): yii\base\Component->__set('scenario', 'default')
#1 [internal function]: api\modules\v1\controllers\BookController->actionUpdate('6')
#2 C:\OSPanel\domains\library.local\vendor\yiisoft\yii2\base\InlineAction.php(57): call_user_func_array(Array, Array)
#3 C:\OSPanel\domains\library.local\vendor\yiisoft\yii2\base\Controller.php(157): yii\base\InlineAction->runWithParams(Array)
#4 C:\OSPanel\domains\library.local\vendor\yiisoft\yii2\base\Module.php(528): yii\base\Controller->runAction('update', Array)
#5 C:\OSPanel\domains\library.local\vendor\yiisoft\yii2\web\Application.php(103): yii\base\Module->runAction('v1/book/update', Array)
#6 C:\OSPanel\domains\library.local\vendor\yiisoft\yii2\base\Application.php(386): yii\web\Application->handleRequest(Object(yii\web\Request))
#7 C:\OSPanel\domains\library.local\api\index.php(17): yii\base\Application->run()
#8 {main}
2018-05-26 13:46:42 [127.0.0.1][-][-][info][application] $_GET = [
    'id' => '6'
    'name' => 'api book'
    'author_id' => '2'
]

$_POST = []

$_FILES = []

$_COOKIE = []

$_SERVER = [
    'REDIRECT_STATUS' => '200'
    'HTTP_HOST' => 'library.local'
    'HTTP_CONNECTION' => 'keep-alive'
    'CONTENT_LENGTH' => '0'
    'HTTP_USER_AGENT' => 'Mozilla/5.0 (Windows NT 10.0; Win64; x64) AppleWebKit/537.36 (KHTML, like Gecko) Chrome/66.0.3359.181 Safari/537.36'
    'HTTP_CACHE_CONTROL' => 'no-cache'
    'HTTP_ORIGIN' => 'chrome-extension://fhbjgbiflinjbdggehcddcbncdddomop'
    'HTTP_POSTMAN_TOKEN' => 'b326a745-16e2-0919-a967-49a0d1ad433d'
    'CONTENT_TYPE' => 'application/x-www-form-urlencoded'
    'HTTP_ACCEPT' => '*/*'
    'HTTP_ACCEPT_ENCODING' => 'gzip, deflate'
    'HTTP_ACCEPT_LANGUAGE' => 'en-US,en;q=0.9,ru;q=0.8'
    'PATH' => 'c:\\ospanel\\modules\\php\\PHP-5.6\\ext;c:\\ospanel\\modules\\php\\PHP-5.6\\pear;c:\\ospanel\\modules\\php\\PHP-5.6\\pear\\bin;c:\\ospanel\\modules\\php\\PHP-5.6;c:\\ospanel\\modules\\imagemagick;c:\\ospanel\\modules\\wget\\bin;c:\\ospanel\\modules\\git;c:\\ospanel\\modules\\git\\bin;c:\\ospanel\\modules\\git\\mingw\\bin;c:\\ospanel\\modules\\git\\cmd;c:\\ospanel\\modules\\database\\MySQL-5.5\\bin;c:\\ospanel\\modules\\http\\Apache-2.4\\bin;c:\\ospanel\\modules\\http\\Apache-2.4;C:\\WINDOWS\\system32;C:\\WINDOWS;C:\\WINDOWS\\system32\\Wbem;C:\\WINDOWS\\SysWOW64'
    'SystemRoot' => 'C:\\WINDOWS'
    'COMSPEC' => 'C:\\WINDOWS\\system32\\cmd.exe'
    'PATHEXT' => '.COM;.EXE;.BAT;.CMD;.VBS;.VBE;.JS;.JSE;.WSF;.WSH;.MSC'
    'WINDIR' => 'C:\\WINDOWS'
    'SERVER_SIGNATURE' => ''
    'SERVER_SOFTWARE' => 'Apache'
    'SERVER_NAME' => 'library.local'
    'SERVER_ADDR' => '127.0.0.1'
    'SERVER_PORT' => '80'
    'REMOTE_ADDR' => '127.0.0.1'
    'DOCUMENT_ROOT' => 'C:/OSPanel/domains/library.local'
    'REQUEST_SCHEME' => 'http'
    'CONTEXT_PREFIX' => ''
    'CONTEXT_DOCUMENT_ROOT' => 'C:/OSPanel/domains/library.local'
    'SERVER_ADMIN' => '[no address given]'
    'SCRIPT_FILENAME' => 'C:/OSPanel/domains/library.local/api/index.php'
    'REMOTE_PORT' => '9370'
    'REDIRECT_URL' => '/api/v1/books/6'
    'REDIRECT_QUERY_STRING' => 'name=api%20book&author_id=2'
    'GATEWAY_INTERFACE' => 'CGI/1.1'
    'SERVER_PROTOCOL' => 'HTTP/1.1'
    'REQUEST_METHOD' => 'POST'
    'QUERY_STRING' => 'name=api%20book&author_id=2'
    'REQUEST_URI' => '/api/v1/books/6?name=api%20book&author_id=2'
    'SCRIPT_NAME' => '/api/index.php'
    'PHP_SELF' => '/api/index.php'
    'REQUEST_TIME_FLOAT' => 1527331602.635
    'REQUEST_TIME' => 1527331602
    'argv' => [
        0 => 'name=api%20book&author_id=2'
    ]
    'argc' => 1
]
2018-05-26 13:48:46 [127.0.0.1][-][-][error][yii\base\UnknownMethodException] exception 'yii\base\UnknownMethodException' with message 'Calling unknown method: api\modules\v1\controllers\BookController::findModel()' in C:\OSPanel\domains\library.local\vendor\yiisoft\yii2\base\Component.php:300
Stack trace:
#0 C:\OSPanel\domains\library.local\api\modules\v1\controllers\BookController.php(47): yii\base\Component->__call('findModel', Array)
#1 C:\OSPanel\domains\library.local\api\modules\v1\controllers\BookController.php(47): api\modules\v1\controllers\BookController->findModel('6')
#2 [internal function]: api\modules\v1\controllers\BookController->actionUpdate('6')
#3 C:\OSPanel\domains\library.local\vendor\yiisoft\yii2\base\InlineAction.php(57): call_user_func_array(Array, Array)
#4 C:\OSPanel\domains\library.local\vendor\yiisoft\yii2\base\Controller.php(157): yii\base\InlineAction->runWithParams(Array)
#5 C:\OSPanel\domains\library.local\vendor\yiisoft\yii2\base\Module.php(528): yii\base\Controller->runAction('update', Array)
#6 C:\OSPanel\domains\library.local\vendor\yiisoft\yii2\web\Application.php(103): yii\base\Module->runAction('v1/book/update', Array)
#7 C:\OSPanel\domains\library.local\vendor\yiisoft\yii2\base\Application.php(386): yii\web\Application->handleRequest(Object(yii\web\Request))
#8 C:\OSPanel\domains\library.local\api\index.php(17): yii\base\Application->run()
#9 {main}
2018-05-26 13:48:46 [127.0.0.1][-][-][info][application] $_GET = [
    'id' => '6'
    'name' => 'api book'
    'author_id' => '2'
]

$_POST = []

$_FILES = []

$_COOKIE = []

$_SERVER = [
    'REDIRECT_STATUS' => '200'
    'HTTP_HOST' => 'library.local'
    'HTTP_CONNECTION' => 'keep-alive'
    'CONTENT_LENGTH' => '0'
    'HTTP_USER_AGENT' => 'Mozilla/5.0 (Windows NT 10.0; Win64; x64) AppleWebKit/537.36 (KHTML, like Gecko) Chrome/66.0.3359.181 Safari/537.36'
    'HTTP_CACHE_CONTROL' => 'no-cache'
    'HTTP_ORIGIN' => 'chrome-extension://fhbjgbiflinjbdggehcddcbncdddomop'
    'HTTP_POSTMAN_TOKEN' => '64214d28-093b-9f76-4da0-a5cc45025129'
    'CONTENT_TYPE' => 'application/x-www-form-urlencoded'
    'HTTP_ACCEPT' => '*/*'
    'HTTP_ACCEPT_ENCODING' => 'gzip, deflate'
    'HTTP_ACCEPT_LANGUAGE' => 'en-US,en;q=0.9,ru;q=0.8'
    'PATH' => 'c:\\ospanel\\modules\\php\\PHP-5.6\\ext;c:\\ospanel\\modules\\php\\PHP-5.6\\pear;c:\\ospanel\\modules\\php\\PHP-5.6\\pear\\bin;c:\\ospanel\\modules\\php\\PHP-5.6;c:\\ospanel\\modules\\imagemagick;c:\\ospanel\\modules\\wget\\bin;c:\\ospanel\\modules\\git;c:\\ospanel\\modules\\git\\bin;c:\\ospanel\\modules\\git\\mingw\\bin;c:\\ospanel\\modules\\git\\cmd;c:\\ospanel\\modules\\database\\MySQL-5.5\\bin;c:\\ospanel\\modules\\http\\Apache-2.4\\bin;c:\\ospanel\\modules\\http\\Apache-2.4;C:\\WINDOWS\\system32;C:\\WINDOWS;C:\\WINDOWS\\system32\\Wbem;C:\\WINDOWS\\SysWOW64'
    'SystemRoot' => 'C:\\WINDOWS'
    'COMSPEC' => 'C:\\WINDOWS\\system32\\cmd.exe'
    'PATHEXT' => '.COM;.EXE;.BAT;.CMD;.VBS;.VBE;.JS;.JSE;.WSF;.WSH;.MSC'
    'WINDIR' => 'C:\\WINDOWS'
    'SERVER_SIGNATURE' => ''
    'SERVER_SOFTWARE' => 'Apache'
    'SERVER_NAME' => 'library.local'
    'SERVER_ADDR' => '127.0.0.1'
    'SERVER_PORT' => '80'
    'REMOTE_ADDR' => '127.0.0.1'
    'DOCUMENT_ROOT' => 'C:/OSPanel/domains/library.local'
    'REQUEST_SCHEME' => 'http'
    'CONTEXT_PREFIX' => ''
    'CONTEXT_DOCUMENT_ROOT' => 'C:/OSPanel/domains/library.local'
    'SERVER_ADMIN' => '[no address given]'
    'SCRIPT_FILENAME' => 'C:/OSPanel/domains/library.local/api/index.php'
    'REMOTE_PORT' => '9373'
    'REDIRECT_URL' => '/api/v1/books/6'
    'REDIRECT_QUERY_STRING' => 'name=api%20book&author_id=2'
    'GATEWAY_INTERFACE' => 'CGI/1.1'
    'SERVER_PROTOCOL' => 'HTTP/1.1'
    'REQUEST_METHOD' => 'POST'
    'QUERY_STRING' => 'name=api%20book&author_id=2'
    'REQUEST_URI' => '/api/v1/books/6?name=api%20book&author_id=2'
    'SCRIPT_NAME' => '/api/index.php'
    'PHP_SELF' => '/api/index.php'
    'REQUEST_TIME_FLOAT' => 1527331726.703
    'REQUEST_TIME' => 1527331726
    'argv' => [
        0 => 'name=api%20book&author_id=2'
    ]
    'argc' => 1
]
2018-05-26 13:53:59 [127.0.0.1][-][-][error][yii\base\ErrorException:1] exception 'yii\base\ErrorException' with message 'Call to undefined method api\modules\v1\models\Book::findModel()' in C:\OSPanel\domains\library.local\api\modules\v1\controllers\BookController.php:47
Stack trace:
#0 [internal function]: yii\base\ErrorHandler->handleFatalError()
#1 {main}
2018-05-26 13:53:59 [127.0.0.1][-][-][info][application] $_GET = [
    'id' => '6'
    'name' => 'api book'
    'author_id' => '2'
]

$_POST = []

$_FILES = []

$_COOKIE = []

$_SERVER = [
    'REDIRECT_STATUS' => '200'
    'HTTP_HOST' => 'library.local'
    'HTTP_CONNECTION' => 'keep-alive'
    'CONTENT_LENGTH' => '0'
    'HTTP_USER_AGENT' => 'Mozilla/5.0 (Windows NT 10.0; Win64; x64) AppleWebKit/537.36 (KHTML, like Gecko) Chrome/66.0.3359.181 Safari/537.36'
    'HTTP_CACHE_CONTROL' => 'no-cache'
    'HTTP_ORIGIN' => 'chrome-extension://fhbjgbiflinjbdggehcddcbncdddomop'
    'HTTP_POSTMAN_TOKEN' => 'b2aa041f-7a2a-f0ba-724b-d1c4671d0243'
    'CONTENT_TYPE' => 'application/x-www-form-urlencoded'
    'HTTP_ACCEPT' => '*/*'
    'HTTP_ACCEPT_ENCODING' => 'gzip, deflate'
    'HTTP_ACCEPT_LANGUAGE' => 'en-US,en;q=0.9,ru;q=0.8'
    'PATH' => 'c:\\ospanel\\modules\\php\\PHP-5.6\\ext;c:\\ospanel\\modules\\php\\PHP-5.6\\pear;c:\\ospanel\\modules\\php\\PHP-5.6\\pear\\bin;c:\\ospanel\\modules\\php\\PHP-5.6;c:\\ospanel\\modules\\imagemagick;c:\\ospanel\\modules\\wget\\bin;c:\\ospanel\\modules\\git;c:\\ospanel\\modules\\git\\bin;c:\\ospanel\\modules\\git\\mingw\\bin;c:\\ospanel\\modules\\git\\cmd;c:\\ospanel\\modules\\database\\MySQL-5.5\\bin;c:\\ospanel\\modules\\http\\Apache-2.4\\bin;c:\\ospanel\\modules\\http\\Apache-2.4;C:\\WINDOWS\\system32;C:\\WINDOWS;C:\\WINDOWS\\system32\\Wbem;C:\\WINDOWS\\SysWOW64'
    'SystemRoot' => 'C:\\WINDOWS'
    'COMSPEC' => 'C:\\WINDOWS\\system32\\cmd.exe'
    'PATHEXT' => '.COM;.EXE;.BAT;.CMD;.VBS;.VBE;.JS;.JSE;.WSF;.WSH;.MSC'
    'WINDIR' => 'C:\\WINDOWS'
    'SERVER_SIGNATURE' => ''
    'SERVER_SOFTWARE' => 'Apache'
    'SERVER_NAME' => 'library.local'
    'SERVER_ADDR' => '127.0.0.1'
    'SERVER_PORT' => '80'
    'REMOTE_ADDR' => '127.0.0.1'
    'DOCUMENT_ROOT' => 'C:/OSPanel/domains/library.local'
    'REQUEST_SCHEME' => 'http'
    'CONTEXT_PREFIX' => ''
    'CONTEXT_DOCUMENT_ROOT' => 'C:/OSPanel/domains/library.local'
    'SERVER_ADMIN' => '[no address given]'
    'SCRIPT_FILENAME' => 'C:/OSPanel/domains/library.local/api/index.php'
    'REMOTE_PORT' => '9403'
    'REDIRECT_URL' => '/api/v1/books/6'
    'REDIRECT_QUERY_STRING' => 'name=api%20book&author_id=2'
    'GATEWAY_INTERFACE' => 'CGI/1.1'
    'SERVER_PROTOCOL' => 'HTTP/1.1'
    'REQUEST_METHOD' => 'POST'
    'QUERY_STRING' => 'name=api%20book&author_id=2'
    'REQUEST_URI' => '/api/v1/books/6?name=api%20book&author_id=2'
    'SCRIPT_NAME' => '/api/index.php'
    'PHP_SELF' => '/api/index.php'
    'REQUEST_TIME_FLOAT' => 1527332039.531
    'REQUEST_TIME' => 1527332039
    'argv' => [
        0 => 'name=api%20book&author_id=2'
    ]
    'argc' => 1
]
2018-05-26 13:54:02 [127.0.0.1][-][-][error][yii\base\ErrorException:1] exception 'yii\base\ErrorException' with message 'Call to undefined method api\modules\v1\models\Book::findModel()' in C:\OSPanel\domains\library.local\api\modules\v1\controllers\BookController.php:47
Stack trace:
#0 [internal function]: yii\base\ErrorHandler->handleFatalError()
#1 {main}
2018-05-26 13:54:02 [127.0.0.1][-][-][info][application] $_GET = [
    'id' => '6'
    'name' => 'api book'
    'author_id' => '2'
]

$_POST = []

$_FILES = []

$_COOKIE = []

$_SERVER = [
    'REDIRECT_STATUS' => '200'
    'HTTP_HOST' => 'library.local'
    'HTTP_CONNECTION' => 'keep-alive'
    'CONTENT_LENGTH' => '0'
    'HTTP_USER_AGENT' => 'Mozilla/5.0 (Windows NT 10.0; Win64; x64) AppleWebKit/537.36 (KHTML, like Gecko) Chrome/66.0.3359.181 Safari/537.36'
    'HTTP_CACHE_CONTROL' => 'no-cache'
    'HTTP_ORIGIN' => 'chrome-extension://fhbjgbiflinjbdggehcddcbncdddomop'
    'HTTP_POSTMAN_TOKEN' => 'd0cd9845-0b7a-2b83-304b-b20c4987228f'
    'CONTENT_TYPE' => 'application/x-www-form-urlencoded'
    'HTTP_ACCEPT' => '*/*'
    'HTTP_ACCEPT_ENCODING' => 'gzip, deflate'
    'HTTP_ACCEPT_LANGUAGE' => 'en-US,en;q=0.9,ru;q=0.8'
    'PATH' => 'c:\\ospanel\\modules\\php\\PHP-5.6\\ext;c:\\ospanel\\modules\\php\\PHP-5.6\\pear;c:\\ospanel\\modules\\php\\PHP-5.6\\pear\\bin;c:\\ospanel\\modules\\php\\PHP-5.6;c:\\ospanel\\modules\\imagemagick;c:\\ospanel\\modules\\wget\\bin;c:\\ospanel\\modules\\git;c:\\ospanel\\modules\\git\\bin;c:\\ospanel\\modules\\git\\mingw\\bin;c:\\ospanel\\modules\\git\\cmd;c:\\ospanel\\modules\\database\\MySQL-5.5\\bin;c:\\ospanel\\modules\\http\\Apache-2.4\\bin;c:\\ospanel\\modules\\http\\Apache-2.4;C:\\WINDOWS\\system32;C:\\WINDOWS;C:\\WINDOWS\\system32\\Wbem;C:\\WINDOWS\\SysWOW64'
    'SystemRoot' => 'C:\\WINDOWS'
    'COMSPEC' => 'C:\\WINDOWS\\system32\\cmd.exe'
    'PATHEXT' => '.COM;.EXE;.BAT;.CMD;.VBS;.VBE;.JS;.JSE;.WSF;.WSH;.MSC'
    'WINDIR' => 'C:\\WINDOWS'
    'SERVER_SIGNATURE' => ''
    'SERVER_SOFTWARE' => 'Apache'
    'SERVER_NAME' => 'library.local'
    'SERVER_ADDR' => '127.0.0.1'
    'SERVER_PORT' => '80'
    'REMOTE_ADDR' => '127.0.0.1'
    'DOCUMENT_ROOT' => 'C:/OSPanel/domains/library.local'
    'REQUEST_SCHEME' => 'http'
    'CONTEXT_PREFIX' => ''
    'CONTEXT_DOCUMENT_ROOT' => 'C:/OSPanel/domains/library.local'
    'SERVER_ADMIN' => '[no address given]'
    'SCRIPT_FILENAME' => 'C:/OSPanel/domains/library.local/api/index.php'
    'REMOTE_PORT' => '9404'
    'REDIRECT_URL' => '/api/v1/books/6'
    'REDIRECT_QUERY_STRING' => 'name=api%20book&author_id=2'
    'GATEWAY_INTERFACE' => 'CGI/1.1'
    'SERVER_PROTOCOL' => 'HTTP/1.1'
    'REQUEST_METHOD' => 'POST'
    'QUERY_STRING' => 'name=api%20book&author_id=2'
    'REQUEST_URI' => '/api/v1/books/6?name=api%20book&author_id=2'
    'SCRIPT_NAME' => '/api/index.php'
    'PHP_SELF' => '/api/index.php'
    'REQUEST_TIME_FLOAT' => 1527332042.519
    'REQUEST_TIME' => 1527332042
    'argv' => [
        0 => 'name=api%20book&author_id=2'
    ]
    'argc' => 1
]
2018-05-26 14:59:47 [127.0.0.1][-][-][error][yii\web\HttpException:404] exception 'yii\web\NotFoundHttpException' with message 'Page not found.' in C:\OSPanel\domains\library.local\vendor\yiisoft\yii2\web\Request.php:284
Stack trace:
#0 C:\OSPanel\domains\library.local\vendor\yiisoft\yii2\web\Application.php(82): yii\web\Request->resolve()
#1 C:\OSPanel\domains\library.local\vendor\yiisoft\yii2\base\Application.php(386): yii\web\Application->handleRequest(Object(yii\web\Request))
#2 C:\OSPanel\domains\library.local\api\index.php(17): yii\base\Application->run()
#3 {main}
2018-05-26 14:59:47 [127.0.0.1][-][-][info][application] $_GET = []

$_POST = []

$_FILES = []

$_COOKIE = [
    'advanced-frontend' => '76lpa59n67aq57j7j6945ec161'
    '_csrf-frontend' => '00be17c7e42ac6e9a0b3cf2e647aaed7bb973fcaa73c3f5c907630d17858d176a:2:{i:0;s:14:\"_csrf-frontend\";i:1;s:32:\"PNhi0w0MCm3kOYpJkVTcP-pSu8U665sd\";}'
    'advanced-backend' => 'jkf7p1bhbid5imfhhhges9r480'
    '_identity-backend' => '19152e5c119b0361e10feb616222dfdf85353b5dbec6f93b1b8b7d616be98abfa:2:{i:0;s:17:\"_identity-backend\";i:1;s:46:\"[1,\"JPjppL009dfkLwZhHtJKQU8Nzad_uuud\",2592000]\";}'
    '_csrf-backend' => 'c3e8f91469be5a2e6f4a95d3460fc94bb28f3a8bb5b21fb0fdb8cd315aa5c1b8a:2:{i:0;s:13:\"_csrf-backend\";i:1;s:32:\"AlOdFvhaR8HUua-w3VOIZML3svUmSJ--\";}'
]

$_SERVER = [
    'REDIRECT_STATUS' => '200'
    'HTTP_HOST' => 'library.local'
    'HTTP_CONNECTION' => 'keep-alive'
    'HTTP_UPGRADE_INSECURE_REQUESTS' => '1'
    'HTTP_USER_AGENT' => 'Mozilla/5.0 (Windows NT 10.0; Win64; x64) AppleWebKit/537.36 (KHTML, like Gecko) Chrome/66.0.3359.181 Safari/537.36'
    'HTTP_ACCEPT' => 'text/html,application/xhtml+xml,application/xml;q=0.9,image/webp,image/apng,*/*;q=0.8'
    'HTTP_ACCEPT_ENCODING' => 'gzip, deflate'
    'HTTP_ACCEPT_LANGUAGE' => 'en-US,en;q=0.9,ru;q=0.8'
    'HTTP_COOKIE' => 'advanced-frontend=76lpa59n67aq57j7j6945ec161; _csrf-frontend=00be17c7e42ac6e9a0b3cf2e647aaed7bb973fcaa73c3f5c907630d17858d176a%3A2%3A%7Bi%3A0%3Bs%3A14%3A%22_csrf-frontend%22%3Bi%3A1%3Bs%3A32%3A%22PNhi0w0MCm3kOYpJkVTcP-pSu8U665sd%22%3B%7D; advanced-backend=jkf7p1bhbid5imfhhhges9r480; _identity-backend=19152e5c119b0361e10feb616222dfdf85353b5dbec6f93b1b8b7d616be98abfa%3A2%3A%7Bi%3A0%3Bs%3A17%3A%22_identity-backend%22%3Bi%3A1%3Bs%3A46%3A%22%5B1%2C%22JPjppL009dfkLwZhHtJKQU8Nzad_uuud%22%2C2592000%5D%22%3B%7D; _csrf-backend=c3e8f91469be5a2e6f4a95d3460fc94bb28f3a8bb5b21fb0fdb8cd315aa5c1b8a%3A2%3A%7Bi%3A0%3Bs%3A13%3A%22_csrf-backend%22%3Bi%3A1%3Bs%3A32%3A%22AlOdFvhaR8HUua-w3VOIZML3svUmSJ--%22%3B%7D'
    'PATH' => 'c:\\ospanel\\modules\\php\\PHP-5.6\\ext;c:\\ospanel\\modules\\php\\PHP-5.6\\pear;c:\\ospanel\\modules\\php\\PHP-5.6\\pear\\bin;c:\\ospanel\\modules\\php\\PHP-5.6;c:\\ospanel\\modules\\imagemagick;c:\\ospanel\\modules\\wget\\bin;c:\\ospanel\\modules\\git;c:\\ospanel\\modules\\git\\bin;c:\\ospanel\\modules\\git\\mingw\\bin;c:\\ospanel\\modules\\git\\cmd;c:\\ospanel\\modules\\database\\MySQL-5.5\\bin;c:\\ospanel\\modules\\http\\Apache-2.4\\bin;c:\\ospanel\\modules\\http\\Apache-2.4;C:\\WINDOWS\\system32;C:\\WINDOWS;C:\\WINDOWS\\system32\\Wbem;C:\\WINDOWS\\SysWOW64'
    'SystemRoot' => 'C:\\WINDOWS'
    'COMSPEC' => 'C:\\WINDOWS\\system32\\cmd.exe'
    'PATHEXT' => '.COM;.EXE;.BAT;.CMD;.VBS;.VBE;.JS;.JSE;.WSF;.WSH;.MSC'
    'WINDIR' => 'C:\\WINDOWS'
    'SERVER_SIGNATURE' => ''
    'SERVER_SOFTWARE' => 'Apache'
    'SERVER_NAME' => 'library.local'
    'SERVER_ADDR' => '127.0.0.1'
    'SERVER_PORT' => '80'
    'REMOTE_ADDR' => '127.0.0.1'
    'DOCUMENT_ROOT' => 'C:/OSPanel/domains/library.local'
    'REQUEST_SCHEME' => 'http'
    'CONTEXT_PREFIX' => ''
    'CONTEXT_DOCUMENT_ROOT' => 'C:/OSPanel/domains/library.local'
    'SERVER_ADMIN' => '[no address given]'
    'SCRIPT_FILENAME' => 'C:/OSPanel/domains/library.local/api/index.php'
    'REMOTE_PORT' => '10296'
    'REDIRECT_URL' => '/api/web/v1/books'
    'GATEWAY_INTERFACE' => 'CGI/1.1'
    'SERVER_PROTOCOL' => 'HTTP/1.1'
    'REQUEST_METHOD' => 'GET'
    'QUERY_STRING' => ''
    'REQUEST_URI' => '/api/web/v1/books'
    'SCRIPT_NAME' => '/api/index.php'
    'PHP_SELF' => '/api/index.php'
    'REQUEST_TIME_FLOAT' => 1527335987.371
    'REQUEST_TIME' => 1527335987
    'argv' => []
    'argc' => 0
]
